<?xml version="1.0" encoding="UTF-8"?>
<coverage generated="1707390698616" clover="3.2.0">
  <project timestamp="1707390698616" name="All files">
    <metrics statements="4" coveredstatements="4" conditionals="0" coveredconditionals="0" methods="1" coveredmethods="1" elements="5" coveredelements="5" complexity="0" loc="4" ncloc="4" packages="1" files="1" classes="1"/>
    <file name="InputAtom.tsx" path="C:\Users\pEDrO\Desktop\Arteco\Tareas-formación\demo-4887\src\components\atoms\InputAtom.tsx">
      <metrics statements="4" coveredstatements="4" conditionals="0" coveredconditionals="0" methods="1" coveredmethods="1"/>
      <line num="1" count="1" type="stmt"/>
      <line num="7" count="1" type="stmt"/>
      <line num="8" count="2" type="stmt"/>
      <line num="18" count="1" type="stmt"/>
    </file>
  </project>
</coverage>
