{"C:\\Users\\pEDrO\\Desktop\\Arteco\\Tareas-formación\\demo-4887\\src\\components\\atoms\\InputAtom.tsx": {"path":"C:\\Users\\pEDrO\\Desktop\\Arteco\\Tareas-formación\\demo-4887\\src\\components\\atoms\\InputAtom.tsx","statementMap":{"0":{"start":{"line":1,"column":0},"end":{"line":1,"column":41}},"1":{"start":{"line":7,"column":44},"end":{"line":16,"column":1}},"2":{"start":{"line":8,"column":4},"end":{"line":15,"column":6}},"3":{"start":{"line":18,"column":0},"end":{"line":18,"column":25}}},"fnMap":{"0":{"name":"(anonymous_0)","decl":{"start":{"line":7,"column":44},"end":{"line":7,"column":45}},"loc":{"start":{"line":7,"column":69},"end":{"line":16,"column":1}}}},"branchMap":{},"s":{"0":1,"1":1,"2":2,"3":1},"f":{"0":2},"b":{}}
}
